platforms/android/app/build/outputs/logs/manifest-merger-release-report.txt
-- Merging decision tree log ---
provider#org.apache.cordova.camera.FileProvider
INJECTED from src/main/AndroidManifest.xml:14:9-16:20
	android:grantUriPermissions
		ADDED from src/main/AndroidManifest.xml:14:92-126
	android:authorities
		INJECTED from src/main/AndroidManifest.xml
		ADDED from src/main/AndroidManifest.xml:14:19-66
	android:exported
		ADDED from src/main/AndroidManifest.xml:14:67-91
	android:name
		ADDED from src/main/AndroidManifest.xml:14:127-180
manifest
ADDED from src/main/AndroidManifest.xml:2:1-24:12
INJECTED from src/main/AndroidManifest.xml:2:1-24:12
INJECTED from src/main/AndroidManifest.xml:2:1-24:12
INJECTED from src/main/AndroidManifest.xml:2:1-24:12
MERGED from [com.android.support:support-v4:24.1.1] AndroidManifest.xml:17:1-27:12
MERGED from [:CordovaLib] AndroidManifest.xml:20:1-27:12
INJECTED from src/main/AndroidManifest.xml:2:1-24:12
INJECTED from src/main/AndroidManifest.xml:2:1-24:12
INJECTED from src/main/AndroidManifest.xml:2:1-24:12
	package
		ADDED from src/main/AndroidManifest.xml:2:103-150
		INJECTED from src/main/AndroidManifest.xml
		INJECTED from src/main/AndroidManifest.xml
	android:versionName
		ADDED from src/main/AndroidManifest.xml:2:75-102
		INJECTED from src/main/AndroidManifest.xml
		INJECTED from src/main/AndroidManifest.xml
	android:hardwareAccelerated
		ADDED from src/main/AndroidManifest.xml:2:11-45
	xmlns:android
		ADDED from src/main/AndroidManifest.xml:2:151-209
	android:versionCode
		ADDED from src/main/AndroidManifest.xml:2:46-74
		INJECTED from src/main/AndroidManifest.xml
		INJECTED from src/main/AndroidManifest.xml
supports-screens
ADDED from src/main/AndroidManifest.xml:3:5-191
	android:largeScreens
		ADDED from src/main/AndroidManifest.xml:3:49-76
	android:smallScreens
		ADDED from src/main/AndroidManifest.xml:3:132-159
	android:normalScreens
		ADDED from src/main/AndroidManifest.xml:3:77-105
	android:xlargeScreens
		ADDED from src/main/AndroidManifest.xml:3:160-188
	android:resizeable
		ADDED from src/main/AndroidManifest.xml:3:106-131
	android:anyDensity
		ADDED from src/main/AndroidManifest.xml:3:23-48
uses-permission#android.permission.INTERNET
ADDED from src/main/AndroidManifest.xml:4:5-67
	android:name
		ADDED from src/main/AndroidManifest.xml:4:22-64
uses-permission#android.permission.CAMERA
ADDED from src/main/AndroidManifest.xml:5:5-65
	android:name
		ADDED from src/main/AndroidManifest.xml:5:22-62
uses-feature#android.hardware.camera
ADDED from src/main/AndroidManifest.xml:6:5-60
	android:name
		ADDED from src/main/AndroidManifest.xml:6:19-57
application
ADDED from src/main/AndroidManifest.xml:7:5-17:19
MERGED from [com.android.support:support-v4:24.1.1] AndroidManifest.xml:25:5-20
MERGED from [com.android.support:support-v4:24.1.1] AndroidManifest.xml:25:5-20
	android:supportsRtl
		ADDED from src/main/AndroidManifest.xml:7:114-140
	android:label
		ADDED from src/main/AndroidManifest.xml:7:81-113
	android:hardwareAccelerated
		ADDED from src/main/AndroidManifest.xml:7:18-52
	android:icon
		ADDED from src/main/AndroidManifest.xml:7:53-80
activity#au.com.seoinstitute.apbi.inspectorapp.MainActivity
ADDED from src/main/AndroidManifest.xml:8:9-13:20
	android:label
		ADDED from src/main/AndroidManifest.xml:8:97-134
	android:launchMode
		ADDED from src/main/AndroidManifest.xml:8:135-165
	android:windowSoftInputMode
		ADDED from src/main/AndroidManifest.xml:8:257-299
	android:configChanges
		ADDED from src/main/AndroidManifest.xml:8:19-96
	android:theme
		ADDED from src/main/AndroidManifest.xml:8:194-256
	android:name
		ADDED from src/main/AndroidManifest.xml:8:166-193
intent-filter#android.intent.action.MAIN+android.intent.category.LAUNCHER
ADDED from src/main/AndroidManifest.xml:9:13-12:29
	android:label
		ADDED from src/main/AndroidManifest.xml:9:28-65
action#android.intent.action.MAIN
ADDED from src/main/AndroidManifest.xml:10:17-69
	android:name
		ADDED from src/main/AndroidManifest.xml:10:25-66
category#android.intent.category.LAUNCHER
ADDED from src/main/AndroidManifest.xml:11:17-77
	android:name
		ADDED from src/main/AndroidManifest.xml:11:27-74
uses-sdk
ADDED from src/main/AndroidManifest.xml:18:5-74
MERGED from [com.android.support:support-v4:24.1.1] AndroidManifest.xml:21:5-23:54
MERGED from [com.android.support:support-v4:24.1.1] AndroidManifest.xml:21:5-23:54
MERGED from [:CordovaLib] AndroidManifest.xml:25:5-44
MERGED from [:CordovaLib] AndroidManifest.xml:25:5-44
	tools:overrideLibrary
		ADDED from [com.android.support:support-v4:24.1.1] AndroidManifest.xml:23:9-51
	android:targetSdkVersion
		ADDED from src/main/AndroidManifest.xml:18:42-71
	android:minSdkVersion
		ADDED from src/main/AndroidManifest.xml:18:15-41
uses-permission#android.hardware.camera.autofocus
ADDED from src/main/AndroidManifest.xml:19:5-73
	android:name
		ADDED from src/main/AndroidManifest.xml:19:22-70
uses-permission#android.permission.WRITE_EXTERNAL_STORAGE
ADDED from src/main/AndroidManifest.xml:20:5-81
	android:name
		ADDED from src/main/AndroidManifest.xml:20:22-78
uses-permission#android.permission.READ_EXTERNAL_STORAGE
ADDED from src/main/AndroidManifest.xml:21:5-80
	android:name
		ADDED from src/main/AndroidManifest.xml:21:22-77
uses-permission#android.permission.RECORD_AUDIO
ADDED from src/main/AndroidManifest.xml:22:5-71
	android:name
		ADDED from src/main/AndroidManifest.xml:22:22-68
uses-permission#android.permission.RECORD_VIDEO
ADDED from src/main/AndroidManifest.xml:23:5-71
	android:name
		ADDED from src/main/AndroidManifest.xml:23:22-68
meta-data#android.support.FILE_PROVIDER_PATHS
ADDED from src/main/AndroidManifest.xml:15:13-123
	android:resource
		ADDED from src/main/AndroidManifest.xml:15:75-120
	android:name
		ADDED from src/main/AndroidManifest.xml:15:24-74